block in append_cflags: checking for whether -fstack-protector-strong -D_FORTIFY_SOURCE=2 is accepted as CFLAGS... -------------------- yes

PATH=".;D:/Pragram/Ruby/Ruby32-x64/lib;D:\Pragram\Ruby\Ruby32-x64\bin;D:\Pragram\Ruby\Ruby32-x64\msys64\ucrt64\bin;D:\Pragram\Ruby\Ruby32-x64\msys64\usr\bin;C:\Users\tttyy\bin;C:\Program Files\Git\mingw64\bin;C:\Program Files\Git\usr\local\bin;C:\Program Files\Git\usr\bin;C:\Program Files\Git\usr\bin;C:\Program Files\Git\mingw64\bin;C:\Program Files\Git\usr\bin;C:\Users\tttyy\bin;D:\Program Files\ImageMagick-7.1.1-Q16-HDRI;C:\Program Files\Microsoft\jdk-11.0.12.7-hotspot\bin;C:\Windows\system32;C:\Windows;C:\Windows\System32\Wbem;C:\Windows\System32\WindowsPowerShell\v1.0;C:\Windows\System32\OpenSSH;C:\Program Files (x86)\NVIDIA Corporation\PhysX\Common;C:\Program Files\NVIDIA Corporation\NVIDIA NvDLISR;C:\Program Files\Microsoft SQL Server\150\Tools\Binn;C:\Program Files\Microsoft SQL Server\Client SDK\ODBC\170\Tools\Binn;C:\Program Files\dotnet;C:\WINDOWS\system32;C:\WINDOWS;C:\WINDOWS\System32\Wbem;C:\WINDOWS\System32\WindowsPowerShell\v1.0;C:\WINDOWS\System32\OpenSSH;C;C:\Program Files\nodejs;D:\Pragram\Git\cmd;D:\Pragram\MinGW\bin;D:\Pragram\Ruby\Ruby32-x64\bin;C:\Program Files\MySQL\MySQL Shell 8.0\bin;C:\Program Files\MySQL\MySQL Server 5.7\bin;C:\Users\tttyy\AppData\Local\Microsoft\WindowsApps;C:\Users\tttyy\.dotnet\tools;C:\Users\tttyy\AppData\Local\Programs\Microsoft VS Code\bin;C:\Users\tttyy\AppData\Roaming\npm;C:\ProgramData\tttyy\GitHubDesktop\bin;D:\Pragram\chrome;C:\Program Files\Git\usr\bin\vendor_perl;C:\Program Files\Git\usr\bin\core_perl" "gcc -o conftest.exe -ID:/Pragram/Ruby/Ruby32-x64/include/ruby-3.2.0/x64-mingw-ucrt -ID:/Pragram/Ruby/Ruby32-x64/include/ruby-3.2.0/ruby/backward -ID:/Pragram/Ruby/Ruby32-x64/include/ruby-3.2.0 -I. -D__USE_MINGW_ANSI_STDIO=1 -DFD_SETSIZE=2048 -D_WIN32_WINNT=0x0600 -D__MINGW_USE_VC2005_COMPAT -D_FILE_OFFSET_BITS=64  -O3 -fno-fast-math -fstack-protector-strong conftest.c  -L. -LD:/Pragram/Ruby/Ruby32-x64/lib -L. -pipe -s -fstack-protector-strong -Wl,--no-as-needed  -m64   -lx64-ucrt-ruby320  -lshell32 -lws2_32 -liphlpapi -limagehlp -lshlwapi -lbcrypt  "
checked program was:
/* begin */
1: #include "ruby.h"
2: 
3: #include <winsock2.h>
4: #include <windows.h>
5: int main(int argc, char **argv)
6: {
7:   return !!argv[argc];
8: }
/* end */

PATH=".;D:/Pragram/Ruby/Ruby32-x64/lib;D:\Pragram\Ruby\Ruby32-x64\bin;D:\Pragram\Ruby\Ruby32-x64\msys64\ucrt64\bin;D:\Pragram\Ruby\Ruby32-x64\msys64\usr\bin;C:\Users\tttyy\bin;C:\Program Files\Git\mingw64\bin;C:\Program Files\Git\usr\local\bin;C:\Program Files\Git\usr\bin;C:\Program Files\Git\usr\bin;C:\Program Files\Git\mingw64\bin;C:\Program Files\Git\usr\bin;C:\Users\tttyy\bin;D:\Program Files\ImageMagick-7.1.1-Q16-HDRI;C:\Program Files\Microsoft\jdk-11.0.12.7-hotspot\bin;C:\Windows\system32;C:\Windows;C:\Windows\System32\Wbem;C:\Windows\System32\WindowsPowerShell\v1.0;C:\Windows\System32\OpenSSH;C:\Program Files (x86)\NVIDIA Corporation\PhysX\Common;C:\Program Files\NVIDIA Corporation\NVIDIA NvDLISR;C:\Program Files\Microsoft SQL Server\150\Tools\Binn;C:\Program Files\Microsoft SQL Server\Client SDK\ODBC\170\Tools\Binn;C:\Program Files\dotnet;C:\WINDOWS\system32;C:\WINDOWS;C:\WINDOWS\System32\Wbem;C:\WINDOWS\System32\WindowsPowerShell\v1.0;C:\WINDOWS\System32\OpenSSH;C;C:\Program Files\nodejs;D:\Pragram\Git\cmd;D:\Pragram\MinGW\bin;D:\Pragram\Ruby\Ruby32-x64\bin;C:\Program Files\MySQL\MySQL Shell 8.0\bin;C:\Program Files\MySQL\MySQL Server 5.7\bin;C:\Users\tttyy\AppData\Local\Microsoft\WindowsApps;C:\Users\tttyy\.dotnet\tools;C:\Users\tttyy\AppData\Local\Programs\Microsoft VS Code\bin;C:\Users\tttyy\AppData\Roaming\npm;C:\ProgramData\tttyy\GitHubDesktop\bin;D:\Pragram\chrome;C:\Program Files\Git\usr\bin\vendor_perl;C:\Program Files\Git\usr\bin\core_perl" "gcc -ID:/Pragram/Ruby/Ruby32-x64/include/ruby-3.2.0/x64-mingw-ucrt -ID:/Pragram/Ruby/Ruby32-x64/include/ruby-3.2.0/ruby/backward -ID:/Pragram/Ruby/Ruby32-x64/include/ruby-3.2.0 -I. -D__USE_MINGW_ANSI_STDIO=1 -DFD_SETSIZE=2048 -D_WIN32_WINNT=0x0600 -D__MINGW_USE_VC2005_COMPAT -D_FILE_OFFSET_BITS=64  -O3 -fno-fast-math -fstack-protector-strong -m64 -fstack-protector-strong -D_FORTIFY_SOURCE=2 -Werror -c conftest.c"
checked program was:
/* begin */
1: #include "ruby.h"
2: 
3: #include <winsock2.h>
4: #include <windows.h>
5: int main(int argc, char **argv)
6: {
7:   return !!argv[argc];
8: }
/* end */

--------------------

block in append_ldflags: checking for whether -fstack-protector-strong -l:libssp.a is accepted as LDFLAGS... -------------------- yes

PATH=".;D:/Pragram/Ruby/Ruby32-x64/lib;D:\Pragram\Ruby\Ruby32-x64\bin;D:\Pragram\Ruby\Ruby32-x64\msys64\ucrt64\bin;D:\Pragram\Ruby\Ruby32-x64\msys64\usr\bin;C:\Users\tttyy\bin;C:\Program Files\Git\mingw64\bin;C:\Program Files\Git\usr\local\bin;C:\Program Files\Git\usr\bin;C:\Program Files\Git\usr\bin;C:\Program Files\Git\mingw64\bin;C:\Program Files\Git\usr\bin;C:\Users\tttyy\bin;D:\Program Files\ImageMagick-7.1.1-Q16-HDRI;C:\Program Files\Microsoft\jdk-11.0.12.7-hotspot\bin;C:\Windows\system32;C:\Windows;C:\Windows\System32\Wbem;C:\Windows\System32\WindowsPowerShell\v1.0;C:\Windows\System32\OpenSSH;C:\Program Files (x86)\NVIDIA Corporation\PhysX\Common;C:\Program Files\NVIDIA Corporation\NVIDIA NvDLISR;C:\Program Files\Microsoft SQL Server\150\Tools\Binn;C:\Program Files\Microsoft SQL Server\Client SDK\ODBC\170\Tools\Binn;C:\Program Files\dotnet;C:\WINDOWS\system32;C:\WINDOWS;C:\WINDOWS\System32\Wbem;C:\WINDOWS\System32\WindowsPowerShell\v1.0;C:\WINDOWS\System32\OpenSSH;C;C:\Program Files\nodejs;D:\Pragram\Git\cmd;D:\Pragram\MinGW\bin;D:\Pragram\Ruby\Ruby32-x64\bin;C:\Program Files\MySQL\MySQL Shell 8.0\bin;C:\Program Files\MySQL\MySQL Server 5.7\bin;C:\Users\tttyy\AppData\Local\Microsoft\WindowsApps;C:\Users\tttyy\.dotnet\tools;C:\Users\tttyy\AppData\Local\Programs\Microsoft VS Code\bin;C:\Users\tttyy\AppData\Roaming\npm;C:\ProgramData\tttyy\GitHubDesktop\bin;D:\Pragram\chrome;C:\Program Files\Git\usr\bin\vendor_perl;C:\Program Files\Git\usr\bin\core_perl" "gcc -o conftest.exe -ID:/Pragram/Ruby/Ruby32-x64/include/ruby-3.2.0/x64-mingw-ucrt -ID:/Pragram/Ruby/Ruby32-x64/include/ruby-3.2.0/ruby/backward -ID:/Pragram/Ruby/Ruby32-x64/include/ruby-3.2.0 -I. -D__USE_MINGW_ANSI_STDIO=1 -DFD_SETSIZE=2048 -D_WIN32_WINNT=0x0600 -D__MINGW_USE_VC2005_COMPAT -D_FILE_OFFSET_BITS=64  -O3 -fno-fast-math -fstack-protector-strong -fstack-protector-strong -D_FORTIFY_SOURCE=2 conftest.c  -L. -LD:/Pragram/Ruby/Ruby32-x64/lib -L. -pipe -s -fstack-protector-strong -Wl,--no-as-needed  -m64   -lx64-ucrt-ruby320 -fstack-protector-strong -l:libssp.a -lshell32 -lws2_32 -liphlpapi -limagehlp -lshlwapi -lbcrypt  "
checked program was:
/* begin */
1: #include "ruby.h"
2: 
3: #include <winsock2.h>
4: #include <windows.h>
5: int main(int argc, char **argv)
6: {
7:   return !!argv[argc];
8: }
/* end */

--------------------

have_library: checking for -lssp... -------------------- yes

PATH=".;D:/Pragram/Ruby/Ruby32-x64/lib;D:\Pragram\Ruby\Ruby32-x64\bin;D:\Pragram\Ruby\Ruby32-x64\msys64\ucrt64\bin;D:\Pragram\Ruby\Ruby32-x64\msys64\usr\bin;C:\Users\tttyy\bin;C:\Program Files\Git\mingw64\bin;C:\Program Files\Git\usr\local\bin;C:\Program Files\Git\usr\bin;C:\Program Files\Git\usr\bin;C:\Program Files\Git\mingw64\bin;C:\Program Files\Git\usr\bin;C:\Users\tttyy\bin;D:\Program Files\ImageMagick-7.1.1-Q16-HDRI;C:\Program Files\Microsoft\jdk-11.0.12.7-hotspot\bin;C:\Windows\system32;C:\Windows;C:\Windows\System32\Wbem;C:\Windows\System32\WindowsPowerShell\v1.0;C:\Windows\System32\OpenSSH;C:\Program Files (x86)\NVIDIA Corporation\PhysX\Common;C:\Program Files\NVIDIA Corporation\NVIDIA NvDLISR;C:\Program Files\Microsoft SQL Server\150\Tools\Binn;C:\Program Files\Microsoft SQL Server\Client SDK\ODBC\170\Tools\Binn;C:\Program Files\dotnet;C:\WINDOWS\system32;C:\WINDOWS;C:\WINDOWS\System32\Wbem;C:\WINDOWS\System32\WindowsPowerShell\v1.0;C:\WINDOWS\System32\OpenSSH;C;C:\Program Files\nodejs;D:\Pragram\Git\cmd;D:\Pragram\MinGW\bin;D:\Pragram\Ruby\Ruby32-x64\bin;C:\Program Files\MySQL\MySQL Shell 8.0\bin;C:\Program Files\MySQL\MySQL Server 5.7\bin;C:\Users\tttyy\AppData\Local\Microsoft\WindowsApps;C:\Users\tttyy\.dotnet\tools;C:\Users\tttyy\AppData\Local\Programs\Microsoft VS Code\bin;C:\Users\tttyy\AppData\Roaming\npm;C:\ProgramData\tttyy\GitHubDesktop\bin;D:\Pragram\chrome;C:\Program Files\Git\usr\bin\vendor_perl;C:\Program Files\Git\usr\bin\core_perl" "gcc -o conftest.exe -ID:/Pragram/Ruby/Ruby32-x64/include/ruby-3.2.0/x64-mingw-ucrt -ID:/Pragram/Ruby/Ruby32-x64/include/ruby-3.2.0/ruby/backward -ID:/Pragram/Ruby/Ruby32-x64/include/ruby-3.2.0 -I. -D__USE_MINGW_ANSI_STDIO=1 -DFD_SETSIZE=2048 -D_WIN32_WINNT=0x0600 -D__MINGW_USE_VC2005_COMPAT -D_FILE_OFFSET_BITS=64  -O3 -fno-fast-math -fstack-protector-strong -fstack-protector-strong -D_FORTIFY_SOURCE=2 conftest.c  -L. -LD:/Pragram/Ruby/Ruby32-x64/lib -L. -pipe -s -fstack-protector-strong -Wl,--no-as-needed -fstack-protector-strong -l:libssp.a  -m64   -lx64-ucrt-ruby320 -lssp  -lshell32 -lws2_32 -liphlpapi -limagehlp -lshlwapi -lbcrypt  "
checked program was:
/* begin */
 1: #include "ruby.h"
 2: 
 3: #include <winsock2.h>
 4: #include <windows.h>
 5: 
 6: /*top*/
 7: extern int t(void);
 8: int main(int argc, char **argv)
 9: {
10:   if (argc > 1000000) {
11:     int (* volatile tp)(void)=(int (*)(void))&t;
12:     printf("%d", (*tp)());
13:   }
14: 
15:   return !!argv[argc];
16: }
17: 
18: int t(void) { ; return 0; }
/* end */

--------------------

PATH=".;D:/Pragram/Ruby/Ruby32-x64/lib;D:\Pragram\Ruby\Ruby32-x64\bin;D:\Pragram\Ruby\Ruby32-x64\msys64\ucrt64\bin;D:\Pragram\Ruby\Ruby32-x64\msys64\usr\bin;C:\Users\tttyy\bin;C:\Program Files\Git\mingw64\bin;C:\Program Files\Git\usr\local\bin;C:\Program Files\Git\usr\bin;C:\Program Files\Git\usr\bin;C:\Program Files\Git\mingw64\bin;C:\Program Files\Git\usr\bin;C:\Users\tttyy\bin;D:\Program Files\ImageMagick-7.1.1-Q16-HDRI;C:\Program Files\Microsoft\jdk-11.0.12.7-hotspot\bin;C:\Windows\system32;C:\Windows;C:\Windows\System32\Wbem;C:\Windows\System32\WindowsPowerShell\v1.0;C:\Windows\System32\OpenSSH;C:\Program Files (x86)\NVIDIA Corporation\PhysX\Common;C:\Program Files\NVIDIA Corporation\NVIDIA NvDLISR;C:\Program Files\Microsoft SQL Server\150\Tools\Binn;C:\Program Files\Microsoft SQL Server\Client SDK\ODBC\170\Tools\Binn;C:\Program Files\dotnet;C:\WINDOWS\system32;C:\WINDOWS;C:\WINDOWS\System32\Wbem;C:\WINDOWS\System32\WindowsPowerShell\v1.0;C:\WINDOWS\System32\OpenSSH;C;C:\Program Files\nodejs;D:\Pragram\Git\cmd;D:\Pragram\MinGW\bin;D:\Pragram\Ruby\Ruby32-x64\bin;C:\Program Files\MySQL\MySQL Shell 8.0\bin;C:\Program Files\MySQL\MySQL Server 5.7\bin;C:\Users\tttyy\AppData\Local\Microsoft\WindowsApps;C:\Users\tttyy\.dotnet\tools;C:\Users\tttyy\AppData\Local\Programs\Microsoft VS Code\bin;C:\Users\tttyy\AppData\Roaming\npm;C:\ProgramData\tttyy\GitHubDesktop\bin;D:\Pragram\chrome;C:\Program Files\Git\usr\bin\vendor_perl;C:\Program Files\Git\usr\bin\core_perl" x86_64-w64-mingw32-pkg-config --exists openssl
package configuration for openssl is not found
have_library: checking for BIO_read() in -lcrypto... -------------------- no

PATH=".;D:/Pragram/Ruby/Ruby32-x64/lib;D:\Pragram\Ruby\Ruby32-x64\bin;D:\Pragram\Ruby\Ruby32-x64\msys64\ucrt64\bin;D:\Pragram\Ruby\Ruby32-x64\msys64\usr\bin;C:\Users\tttyy\bin;C:\Program Files\Git\mingw64\bin;C:\Program Files\Git\usr\local\bin;C:\Program Files\Git\usr\bin;C:\Program Files\Git\usr\bin;C:\Program Files\Git\mingw64\bin;C:\Program Files\Git\usr\bin;C:\Users\tttyy\bin;D:\Program Files\ImageMagick-7.1.1-Q16-HDRI;C:\Program Files\Microsoft\jdk-11.0.12.7-hotspot\bin;C:\Windows\system32;C:\Windows;C:\Windows\System32\Wbem;C:\Windows\System32\WindowsPowerShell\v1.0;C:\Windows\System32\OpenSSH;C:\Program Files (x86)\NVIDIA Corporation\PhysX\Common;C:\Program Files\NVIDIA Corporation\NVIDIA NvDLISR;C:\Program Files\Microsoft SQL Server\150\Tools\Binn;C:\Program Files\Microsoft SQL Server\Client SDK\ODBC\170\Tools\Binn;C:\Program Files\dotnet;C:\WINDOWS\system32;C:\WINDOWS;C:\WINDOWS\System32\Wbem;C:\WINDOWS\System32\WindowsPowerShell\v1.0;C:\WINDOWS\System32\OpenSSH;C;C:\Program Files\nodejs;D:\Pragram\Git\cmd;D:\Pragram\MinGW\bin;D:\Pragram\Ruby\Ruby32-x64\bin;C:\Program Files\MySQL\MySQL Shell 8.0\bin;C:\Program Files\MySQL\MySQL Server 5.7\bin;C:\Users\tttyy\AppData\Local\Microsoft\WindowsApps;C:\Users\tttyy\.dotnet\tools;C:\Users\tttyy\AppData\Local\Programs\Microsoft VS Code\bin;C:\Users\tttyy\AppData\Roaming\npm;C:\ProgramData\tttyy\GitHubDesktop\bin;D:\Pragram\chrome;C:\Program Files\Git\usr\bin\vendor_perl;C:\Program Files\Git\usr\bin\core_perl" "gcc -o conftest.exe -ID:/Pragram/Ruby/Ruby32-x64/include/ruby-3.2.0/x64-mingw-ucrt -ID:/Pragram/Ruby/Ruby32-x64/include/ruby-3.2.0/ruby/backward -ID:/Pragram/Ruby/Ruby32-x64/include/ruby-3.2.0 -I. -D__USE_MINGW_ANSI_STDIO=1 -DFD_SETSIZE=2048 -D_WIN32_WINNT=0x0600 -D__MINGW_USE_VC2005_COMPAT -D_FILE_OFFSET_BITS=64  -O3 -fno-fast-math -fstack-protector-strong -fstack-protector-strong -D_FORTIFY_SOURCE=2 conftest.c  -L. -LD:/Pragram/Ruby/Ruby32-x64/lib -L. -pipe -s -fstack-protector-strong -Wl,--no-as-needed -fstack-protector-strong -l:libssp.a  -m64  -lssp  -lx64-ucrt-ruby320 -lcrypto -lssp  -lshell32 -lws2_32 -liphlpapi -limagehlp -lshlwapi -lbcrypt  "
conftest.c: In function 't':
conftest.c:17:57: error: 'BIO_read' undeclared (first use in this function); did you mean '_read'?
   17 | int t(void) { void ((*volatile p)()); p = (void ((*)()))BIO_read; return !p; }
      |                                                         ^~~~~~~~
      |                                                         _read
conftest.c:17:57: note: each undeclared identifier is reported only once for each function it appears in
checked program was:
/* begin */
 1: #include "ruby.h"
 2: 
 3: #include <winsock2.h>
 4: #include <windows.h>
 5: 
 6: /*top*/
 7: extern int t(void);
 8: int main(int argc, char **argv)
 9: {
10:   if (argc > 1000000) {
11:     int (* volatile tp)(void)=(int (*)(void))&t;
12:     printf("%d", (*tp)());
13:   }
14: 
15:   return !!argv[argc];
16: }
17: int t(void) { void ((*volatile p)()); p = (void ((*)()))BIO_read; return !p; }
/* end */

PATH=".;D:/Pragram/Ruby/Ruby32-x64/lib;D:\Pragram\Ruby\Ruby32-x64\bin;D:\Pragram\Ruby\Ruby32-x64\msys64\ucrt64\bin;D:\Pragram\Ruby\Ruby32-x64\msys64\usr\bin;C:\Users\tttyy\bin;C:\Program Files\Git\mingw64\bin;C:\Program Files\Git\usr\local\bin;C:\Program Files\Git\usr\bin;C:\Program Files\Git\usr\bin;C:\Program Files\Git\mingw64\bin;C:\Program Files\Git\usr\bin;C:\Users\tttyy\bin;D:\Program Files\ImageMagick-7.1.1-Q16-HDRI;C:\Program Files\Microsoft\jdk-11.0.12.7-hotspot\bin;C:\Windows\system32;C:\Windows;C:\Windows\System32\Wbem;C:\Windows\System32\WindowsPowerShell\v1.0;C:\Windows\System32\OpenSSH;C:\Program Files (x86)\NVIDIA Corporation\PhysX\Common;C:\Program Files\NVIDIA Corporation\NVIDIA NvDLISR;C:\Program Files\Microsoft SQL Server\150\Tools\Binn;C:\Program Files\Microsoft SQL Server\Client SDK\ODBC\170\Tools\Binn;C:\Program Files\dotnet;C:\WINDOWS\system32;C:\WINDOWS;C:\WINDOWS\System32\Wbem;C:\WINDOWS\System32\WindowsPowerShell\v1.0;C:\WINDOWS\System32\OpenSSH;C;C:\Program Files\nodejs;D:\Pragram\Git\cmd;D:\Pragram\MinGW\bin;D:\Pragram\Ruby\Ruby32-x64\bin;C:\Program Files\MySQL\MySQL Shell 8.0\bin;C:\Program Files\MySQL\MySQL Server 5.7\bin;C:\Users\tttyy\AppData\Local\Microsoft\WindowsApps;C:\Users\tttyy\.dotnet\tools;C:\Users\tttyy\AppData\Local\Programs\Microsoft VS Code\bin;C:\Users\tttyy\AppData\Roaming\npm;C:\ProgramData\tttyy\GitHubDesktop\bin;D:\Pragram\chrome;C:\Program Files\Git\usr\bin\vendor_perl;C:\Program Files\Git\usr\bin\core_perl" "gcc -o conftest.exe -ID:/Pragram/Ruby/Ruby32-x64/include/ruby-3.2.0/x64-mingw-ucrt -ID:/Pragram/Ruby/Ruby32-x64/include/ruby-3.2.0/ruby/backward -ID:/Pragram/Ruby/Ruby32-x64/include/ruby-3.2.0 -I. -D__USE_MINGW_ANSI_STDIO=1 -DFD_SETSIZE=2048 -D_WIN32_WINNT=0x0600 -D__MINGW_USE_VC2005_COMPAT -D_FILE_OFFSET_BITS=64  -O3 -fno-fast-math -fstack-protector-strong -fstack-protector-strong -D_FORTIFY_SOURCE=2 conftest.c  -L. -LD:/Pragram/Ruby/Ruby32-x64/lib -L. -pipe -s -fstack-protector-strong -Wl,--no-as-needed -fstack-protector-strong -l:libssp.a  -m64  -lssp  -lx64-ucrt-ruby320 -lcrypto -lssp  -lshell32 -lws2_32 -liphlpapi -limagehlp -lshlwapi -lbcrypt  "
D:/Pragram/Ruby/Ruby32-x64/msys64/ucrt64/bin/../lib/gcc/x86_64-w64-mingw32/12.2.0/../../../../x86_64-w64-mingw32/bin/ld.exe: cannot find -lcrypto: No such file or directory
collect2.exe: error: ld returned 1 exit status
checked program was:
/* begin */
 1: #include "ruby.h"
 2: 
 3: #include <winsock2.h>
 4: #include <windows.h>
 5: 
 6: /*top*/
 7: extern int t(void);
 8: int main(int argc, char **argv)
 9: {
10:   if (argc > 1000000) {
11:     int (* volatile tp)(void)=(int (*)(void))&t;
12:     printf("%d", (*tp)());
13:   }
14: 
15:   return !!argv[argc];
16: }
17: extern void BIO_read();
18: int t(void) { BIO_read(); return 0; }
/* end */

--------------------

have_library: checking for BIO_read() in -llibeay32... -------------------- no

PATH=".;D:/Pragram/Ruby/Ruby32-x64/lib;D:\Pragram\Ruby\Ruby32-x64\bin;D:\Pragram\Ruby\Ruby32-x64\msys64\ucrt64\bin;D:\Pragram\Ruby\Ruby32-x64\msys64\usr\bin;C:\Users\tttyy\bin;C:\Program Files\Git\mingw64\bin;C:\Program Files\Git\usr\local\bin;C:\Program Files\Git\usr\bin;C:\Program Files\Git\usr\bin;C:\Program Files\Git\mingw64\bin;C:\Program Files\Git\usr\bin;C:\Users\tttyy\bin;D:\Program Files\ImageMagick-7.1.1-Q16-HDRI;C:\Program Files\Microsoft\jdk-11.0.12.7-hotspot\bin;C:\Windows\system32;C:\Windows;C:\Windows\System32\Wbem;C:\Windows\System32\WindowsPowerShell\v1.0;C:\Windows\System32\OpenSSH;C:\Program Files (x86)\NVIDIA Corporation\PhysX\Common;C:\Program Files\NVIDIA Corporation\NVIDIA NvDLISR;C:\Program Files\Microsoft SQL Server\150\Tools\Binn;C:\Program Files\Microsoft SQL Server\Client SDK\ODBC\170\Tools\Binn;C:\Program Files\dotnet;C:\WINDOWS\system32;C:\WINDOWS;C:\WINDOWS\System32\Wbem;C:\WINDOWS\System32\WindowsPowerShell\v1.0;C:\WINDOWS\System32\OpenSSH;C;C:\Program Files\nodejs;D:\Pragram\Git\cmd;D:\Pragram\MinGW\bin;D:\Pragram\Ruby\Ruby32-x64\bin;C:\Program Files\MySQL\MySQL Shell 8.0\bin;C:\Program Files\MySQL\MySQL Server 5.7\bin;C:\Users\tttyy\AppData\Local\Microsoft\WindowsApps;C:\Users\tttyy\.dotnet\tools;C:\Users\tttyy\AppData\Local\Programs\Microsoft VS Code\bin;C:\Users\tttyy\AppData\Roaming\npm;C:\ProgramData\tttyy\GitHubDesktop\bin;D:\Pragram\chrome;C:\Program Files\Git\usr\bin\vendor_perl;C:\Program Files\Git\usr\bin\core_perl" "gcc -o conftest.exe -ID:/Pragram/Ruby/Ruby32-x64/include/ruby-3.2.0/x64-mingw-ucrt -ID:/Pragram/Ruby/Ruby32-x64/include/ruby-3.2.0/ruby/backward -ID:/Pragram/Ruby/Ruby32-x64/include/ruby-3.2.0 -I. -D__USE_MINGW_ANSI_STDIO=1 -DFD_SETSIZE=2048 -D_WIN32_WINNT=0x0600 -D__MINGW_USE_VC2005_COMPAT -D_FILE_OFFSET_BITS=64  -O3 -fno-fast-math -fstack-protector-strong -fstack-protector-strong -D_FORTIFY_SOURCE=2 conftest.c  -L. -LD:/Pragram/Ruby/Ruby32-x64/lib -L. -pipe -s -fstack-protector-strong -Wl,--no-as-needed -fstack-protector-strong -l:libssp.a  -m64  -lssp  -lx64-ucrt-ruby320 -llibeay32 -lssp  -lshell32 -lws2_32 -liphlpapi -limagehlp -lshlwapi -lbcrypt  "
conftest.c: In function 't':
conftest.c:17:57: error: 'BIO_read' undeclared (first use in this function); did you mean '_read'?
   17 | int t(void) { void ((*volatile p)()); p = (void ((*)()))BIO_read; return !p; }
      |                                                         ^~~~~~~~
      |                                                         _read
conftest.c:17:57: note: each undeclared identifier is reported only once for each function it appears in
checked program was:
/* begin */
 1: #include "ruby.h"
 2: 
 3: #include <winsock2.h>
 4: #include <windows.h>
 5: 
 6: /*top*/
 7: extern int t(void);
 8: int main(int argc, char **argv)
 9: {
10:   if (argc > 1000000) {
11:     int (* volatile tp)(void)=(int (*)(void))&t;
12:     printf("%d", (*tp)());
13:   }
14: 
15:   return !!argv[argc];
16: }
17: int t(void) { void ((*volatile p)()); p = (void ((*)()))BIO_read; return !p; }
/* end */

PATH=".;D:/Pragram/Ruby/Ruby32-x64/lib;D:\Pragram\Ruby\Ruby32-x64\bin;D:\Pragram\Ruby\Ruby32-x64\msys64\ucrt64\bin;D:\Pragram\Ruby\Ruby32-x64\msys64\usr\bin;C:\Users\tttyy\bin;C:\Program Files\Git\mingw64\bin;C:\Program Files\Git\usr\local\bin;C:\Program Files\Git\usr\bin;C:\Program Files\Git\usr\bin;C:\Program Files\Git\mingw64\bin;C:\Program Files\Git\usr\bin;C:\Users\tttyy\bin;D:\Program Files\ImageMagick-7.1.1-Q16-HDRI;C:\Program Files\Microsoft\jdk-11.0.12.7-hotspot\bin;C:\Windows\system32;C:\Windows;C:\Windows\System32\Wbem;C:\Windows\System32\WindowsPowerShell\v1.0;C:\Windows\System32\OpenSSH;C:\Program Files (x86)\NVIDIA Corporation\PhysX\Common;C:\Program Files\NVIDIA Corporation\NVIDIA NvDLISR;C:\Program Files\Microsoft SQL Server\150\Tools\Binn;C:\Program Files\Microsoft SQL Server\Client SDK\ODBC\170\Tools\Binn;C:\Program Files\dotnet;C:\WINDOWS\system32;C:\WINDOWS;C:\WINDOWS\System32\Wbem;C:\WINDOWS\System32\WindowsPowerShell\v1.0;C:\WINDOWS\System32\OpenSSH;C;C:\Program Files\nodejs;D:\Pragram\Git\cmd;D:\Pragram\MinGW\bin;D:\Pragram\Ruby\Ruby32-x64\bin;C:\Program Files\MySQL\MySQL Shell 8.0\bin;C:\Program Files\MySQL\MySQL Server 5.7\bin;C:\Users\tttyy\AppData\Local\Microsoft\WindowsApps;C:\Users\tttyy\.dotnet\tools;C:\Users\tttyy\AppData\Local\Programs\Microsoft VS Code\bin;C:\Users\tttyy\AppData\Roaming\npm;C:\ProgramData\tttyy\GitHubDesktop\bin;D:\Pragram\chrome;C:\Program Files\Git\usr\bin\vendor_perl;C:\Program Files\Git\usr\bin\core_perl" "gcc -o conftest.exe -ID:/Pragram/Ruby/Ruby32-x64/include/ruby-3.2.0/x64-mingw-ucrt -ID:/Pragram/Ruby/Ruby32-x64/include/ruby-3.2.0/ruby/backward -ID:/Pragram/Ruby/Ruby32-x64/include/ruby-3.2.0 -I. -D__USE_MINGW_ANSI_STDIO=1 -DFD_SETSIZE=2048 -D_WIN32_WINNT=0x0600 -D__MINGW_USE_VC2005_COMPAT -D_FILE_OFFSET_BITS=64  -O3 -fno-fast-math -fstack-protector-strong -fstack-protector-strong -D_FORTIFY_SOURCE=2 conftest.c  -L. -LD:/Pragram/Ruby/Ruby32-x64/lib -L. -pipe -s -fstack-protector-strong -Wl,--no-as-needed -fstack-protector-strong -l:libssp.a  -m64  -lssp  -lx64-ucrt-ruby320 -llibeay32 -lssp  -lshell32 -lws2_32 -liphlpapi -limagehlp -lshlwapi -lbcrypt  "
D:/Pragram/Ruby/Ruby32-x64/msys64/ucrt64/bin/../lib/gcc/x86_64-w64-mingw32/12.2.0/../../../../x86_64-w64-mingw32/bin/ld.exe: cannot find -llibeay32: No such file or directory
collect2.exe: error: ld returned 1 exit status
checked program was:
/* begin */
 1: #include "ruby.h"
 2: 
 3: #include <winsock2.h>
 4: #include <windows.h>
 5: 
 6: /*top*/
 7: extern int t(void);
 8: int main(int argc, char **argv)
 9: {
10:   if (argc > 1000000) {
11:     int (* volatile tp)(void)=(int (*)(void))&t;
12:     printf("%d", (*tp)());
13:   }
14: 
15:   return !!argv[argc];
16: }
17: extern void BIO_read();
18: int t(void) { BIO_read(); return 0; }
/* end */

--------------------

